<?xml version="1.0" encoding="UTF-8"?>
<!-- Generated by org.testng.reporters.JUnitReportReporter -->
<testsuite skipped="0" hostname="KRISSELL01" name="com.sdet.labs.Restful_Web_Services_Test" tests="5" failures="0" timestamp="2023-10-23T18:43:03 SGT" time="6.285" errors="0">
  <testcase name="PutRequestTest" time="0.877" classname="com.sdet.labs.Restful_Web_Services_Test"/>
  <system-out/>
  <testcase name="DeleteRequestTest" time="3.244" classname="com.sdet.labs.Restful_Web_Services_Test"/>
  <system-out/>
  <testcase name="GetRequestTest" time="0.430" classname="com.sdet.labs.Restful_Web_Services_Test"/>
  <system-out/>
  <testcase name="PatchRequestTest" time="0.843" classname="com.sdet.labs.Restful_Web_Services_Test"/>
  <system-out/>
  <testcase name="PostRequestTest" time="0.891" classname="com.sdet.labs.Restful_Web_Services_Test"/>
  <system-out/>
</testsuite> <!-- com.sdet.labs.Restful_Web_Services_Test -->
