<?xml version="1.0" encoding="UTF-8"?>
<!-- Generated by org.testng.reporters.JUnitReportReporter -->
<testsuite skipped="0" hostname="KRISSELL01" name="cucumberOptions.CucumberRunner" tests="7" failures="0" timestamp="2023-10-24T12:41:06 SGT" time="7.721" errors="0">
  <testcase name="runScenario" time="0.894" classname="cucumberOptions.CucumberRunner"/>
  <system-out/>
  <testcase name="runScenario" time="0.824" classname="cucumberOptions.CucumberRunner"/>
  <system-out/>
  <testcase name="runScenario" time="1.712" classname="cucumberOptions.CucumberRunner"/>
  <system-out/>
  <testcase name="runScenario" time="0.908" classname="cucumberOptions.CucumberRunner"/>
  <system-out/>
  <testcase name="runScenario" time="1.651" classname="cucumberOptions.CucumberRunner"/>
  <system-out/>
  <testcase name="runScenario" time="0.822" classname="cucumberOptions.CucumberRunner"/>
  <system-out/>
  <testcase name="runScenario" time="0.910" classname="cucumberOptions.CucumberRunner"/>
  <system-out/>
</testsuite> <!-- cucumberOptions.CucumberRunner -->
